<?xml version="1.0" encoding="UTF-8"?>
<!-- Generated by org.testng.reporters.JUnitXMLReporter -->
<testsuite ignored="2" hostname="DESKTOP-LHMQO94" failures="0" tests="6" name="Command line test" time="10.676" errors="0" timestamp="22 Dec 2021 14:54:06 GMT">
  <testcase classname="test.LoginTest" name="AddUserNameAndPasswordEmpty" time="0.817"/>
  <testcase classname="test.LoginTest" name="AddPasswordEmpty" time="0.869"/>
  <testcase classname="test.LoginTest" name="AddUserNameEmpty" time="0.914"/>
  <testcase classname="test.LoginTest" name="AddValidAccount" time="0.933"/>
  <testcase classname="test.LoginTest" name="LogOut" time="0.685"/>
  <testcase classname="test.LoginTest" name="clickBackBrowser" time="0.815"/>
  <testcase classname="test.TestBase" name="@BeforeTest startDriver" time="0.0">
    <ignored/>
  </testcase> <!-- @BeforeTest startDriver -->
  <testcase classname="test.TestBase" name="@AfterTest stopDriver" time="0.0">
    <ignored/>
  </testcase> <!-- @AfterTest stopDriver -->
</testsuite> <!-- Command line test -->
