<?xml version="1.0" encoding="UTF-8"?>
<!-- Generated by org.testng.reporters.JUnitXMLReporter -->
<testsuite ignored="2" hostname="DESKTOP-LHMQO94" failures="0" tests="6" name="Command line test" time="10.678" errors="0" timestamp="22 Dec 2021 15:06:36 GMT">
  <testcase classname="test.LoginTest" name="AddUserNameAndPasswordEmpty" time="0.924"/>
  <testcase classname="test.LoginTest" name="AddPasswordEmpty" time="0.919"/>
  <testcase classname="test.LoginTest" name="AddUserNameEmpty" time="0.771"/>
  <testcase classname="test.LoginTest" name="AddValidAccount" time="0.957"/>
  <testcase classname="test.LoginTest" name="LogOut" time="0.628"/>
  <testcase classname="test.LoginTest" name="clickBackBrowser" time="0.969"/>
  <testcase classname="test.TestBase" name="@BeforeTest startDriver" time="0.0">
    <ignored/>
  </testcase> <!-- @BeforeTest startDriver -->
  <testcase classname="test.TestBase" name="@AfterTest stopDriver" time="0.0">
    <ignored/>
  </testcase> <!-- @AfterTest stopDriver -->
</testsuite> <!-- Command line test -->
